2021-06-15 17:58:43.439 - INFO - 14959 - azureml.train.automl._experiment_drivers.driver_utilities.modify_run_configuration:199 - Package azureml-train-automl missing from dependencies file.
2021-06-15 17:58:43.440 - INFO - 14959 - azureml.train.automl._experiment_drivers.driver_utilities.modify_run_configuration:205 - Using pinned version: azureml-train-automl==1.28.0.*
2021-06-15 17:58:43.497 - INFO - 14959 - azureml.train.automl._experiment_drivers.driver_utilities.modify_run_configuration:199 - Package pandas missing from dependencies file.
2021-06-15 17:58:43.497 - INFO - 14959 - azureml.train.automl._experiment_drivers.driver_utilities.modify_run_configuration:205 - Using pinned version: pandas==0.25.1
2021-06-15 17:58:43.498 - INFO - 14959 - azureml.train.automl._experiment_drivers.driver_utilities.modify_run_configuration:199 - Package psutil missing from dependencies file.
2021-06-15 17:58:43.498 - INFO - 14959 - azureml.train.automl._experiment_drivers.driver_utilities.modify_run_configuration:205 - Using pinned version: psutil>5.0.0,<6.0.0
2021-06-15 17:58:43.498 - INFO - 14959 - azureml.train.automl._experiment_drivers.driver_utilities.modify_run_configuration:199 - Package scikit-learn missing from dependencies file.
2021-06-15 17:58:43.499 - INFO - 14959 - azureml.train.automl._experiment_drivers.driver_utilities.modify_run_configuration:205 - Using pinned version: scikit-learn==0.22.1
2021-06-15 17:58:43.499 - INFO - 14959 - azureml.train.automl._experiment_drivers.driver_utilities.modify_run_configuration:199 - Package numpy missing from dependencies file.
2021-06-15 17:58:43.499 - INFO - 14959 - azureml.train.automl._experiment_drivers.driver_utilities.modify_run_configuration:205 - Using pinned version: numpy~=1.18.0
2021-06-15 17:58:43.499 - INFO - 14959 - azureml.train.automl._experiment_drivers.driver_utilities.modify_run_configuration:199 - Package py-xgboost missing from dependencies file.
2021-06-15 17:58:43.500 - INFO - 14959 - azureml.train.automl._experiment_drivers.driver_utilities.modify_run_configuration:205 - Using pinned version: py-xgboost<=0.90
2021-06-15 17:58:43.500 - INFO - 14959 - azureml.train.automl._experiment_drivers.driver_utilities.modify_run_configuration:199 - Package inference-schema missing from dependencies file.
2021-06-15 17:58:43.501 - INFO - 14959 - azureml.train.automl._experiment_drivers.driver_utilities.modify_run_configuration:199 - Package fbprophet missing from dependencies file.
2021-06-15 17:58:43.501 - INFO - 14959 - azureml.train.automl._experiment_drivers.driver_utilities.modify_run_configuration:205 - Using pinned version: fbprophet==0.5
2021-06-15 17:58:43.501 - INFO - 14959 - azureml.train.automl._experiment_drivers.driver_utilities.modify_run_configuration:199 - Package setuptools-git missing from dependencies file.
2021-06-15 17:58:43.502 - INFO - 14959 - azureml.train.automl._experiment_drivers.driver_utilities.modify_run_configuration:209 - Using installed version: setuptools-git==1.2
2021-06-15 17:58:43.510 - INFO - 14959 - azureml.automl.core.dataset_utilities._save_datasets_to_json:131 - JSON serialization of input of type <class 'NoneType'> is un-supported.
2021-06-15 17:58:43.510 - INFO - 14959 - azureml.train.automl._experiment_drivers.driver_utilities.validate_input:124 - Start data validation.
2021-06-15 17:58:48.728 - INFO - 14959 - azureml.train.automl._experiment_drivers.driver_utilities.validate_input:137 - Validation service found the data has no errors.
2021-06-15 17:58:48.735 - INFO - 14959 - azureml.train.automl._experiment_drivers.driver_utilities.create_remote_parent_run:381 - Start creating parent run.
2021-06-15 17:58:49.121 - INFO - 14959 - azureml.train.automl._experiment_drivers.driver_utilities.create_remote_parent_run:401 - [ParentRunID:AutoML_4356bf86-b2ab-4625-b7a6-95ee522ea3fc] Remote run using input X and y.
2021-06-15 17:58:49.258 - INFO - 14959 - azureml.train.automl._experiment_drivers.driver_utilities.start_remote_run:336 - Starting a snapshot run (snapshot_id : None)
2021-06-15 23:53:40.431 - INFO - 17744 - azureml.train.automl._experiment_drivers.driver_utilities.modify_run_configuration:199 - Package azureml-train-automl missing from dependencies file.
2021-06-15 23:53:40.501 - INFO - 17744 - azureml.train.automl._experiment_drivers.driver_utilities.modify_run_configuration:205 - Using pinned version: azureml-train-automl==1.28.0.*
2021-06-15 23:53:40.501 - INFO - 17744 - azureml.train.automl._experiment_drivers.driver_utilities.modify_run_configuration:199 - Package pandas missing from dependencies file.
2021-06-15 23:53:40.501 - INFO - 17744 - azureml.train.automl._experiment_drivers.driver_utilities.modify_run_configuration:205 - Using pinned version: pandas==0.25.1
2021-06-15 23:53:40.501 - INFO - 17744 - azureml.train.automl._experiment_drivers.driver_utilities.modify_run_configuration:199 - Package psutil missing from dependencies file.
2021-06-15 23:53:40.502 - INFO - 17744 - azureml.train.automl._experiment_drivers.driver_utilities.modify_run_configuration:205 - Using pinned version: psutil>5.0.0,<6.0.0
2021-06-15 23:53:40.502 - INFO - 17744 - azureml.train.automl._experiment_drivers.driver_utilities.modify_run_configuration:199 - Package scikit-learn missing from dependencies file.
2021-06-15 23:53:40.502 - INFO - 17744 - azureml.train.automl._experiment_drivers.driver_utilities.modify_run_configuration:205 - Using pinned version: scikit-learn==0.22.1
2021-06-15 23:53:40.502 - INFO - 17744 - azureml.train.automl._experiment_drivers.driver_utilities.modify_run_configuration:199 - Package numpy missing from dependencies file.
2021-06-15 23:53:40.503 - INFO - 17744 - azureml.train.automl._experiment_drivers.driver_utilities.modify_run_configuration:205 - Using pinned version: numpy~=1.18.0
2021-06-15 23:53:40.504 - INFO - 17744 - azureml.train.automl._experiment_drivers.driver_utilities.modify_run_configuration:199 - Package py-xgboost missing from dependencies file.
2021-06-15 23:53:40.504 - INFO - 17744 - azureml.train.automl._experiment_drivers.driver_utilities.modify_run_configuration:205 - Using pinned version: py-xgboost<=0.90
2021-06-15 23:53:40.505 - INFO - 17744 - azureml.train.automl._experiment_drivers.driver_utilities.modify_run_configuration:199 - Package inference-schema missing from dependencies file.
2021-06-15 23:53:40.505 - INFO - 17744 - azureml.train.automl._experiment_drivers.driver_utilities.modify_run_configuration:199 - Package fbprophet missing from dependencies file.
2021-06-15 23:53:40.505 - INFO - 17744 - azureml.train.automl._experiment_drivers.driver_utilities.modify_run_configuration:205 - Using pinned version: fbprophet==0.5
2021-06-15 23:53:40.506 - INFO - 17744 - azureml.train.automl._experiment_drivers.driver_utilities.modify_run_configuration:199 - Package setuptools-git missing from dependencies file.
2021-06-15 23:53:40.506 - INFO - 17744 - azureml.train.automl._experiment_drivers.driver_utilities.modify_run_configuration:209 - Using installed version: setuptools-git==1.2
2021-06-15 23:53:40.507 - INFO - 17744 - azureml.automl.core.dataset_utilities._save_datasets_to_json:131 - JSON serialization of input of type <class 'NoneType'> is un-supported.
2021-06-15 23:53:40.507 - INFO - 17744 - azureml.train.automl._experiment_drivers.driver_utilities.validate_input:124 - Start data validation.
2021-06-15 23:53:44.074 - INFO - 17744 - azureml.train.automl._experiment_drivers.driver_utilities.validate_input:137 - Validation service found the data has no errors.
2021-06-15 23:53:44.076 - INFO - 17744 - azureml.train.automl._experiment_drivers.driver_utilities.create_remote_parent_run:381 - Start creating parent run.
2021-06-15 23:53:44.434 - INFO - 17744 - azureml.train.automl._experiment_drivers.driver_utilities.create_remote_parent_run:401 - [ParentRunID:AutoML_3718f87a-900a-498b-91fe-4d58ec9708d1] Remote run using input X and y.
2021-06-15 23:53:44.665 - INFO - 17744 - azureml.train.automl._experiment_drivers.driver_utilities.start_remote_run:336 - Starting a snapshot run (snapshot_id : None)
